make all --print-data-base --no-builtin-variables --no-builtin-rules --question
make: *** No rule to make target 'all'.  Stop.

# GNU Make 4.2.1
# Built for x86_64-pc-linux-gnu
# Copyright (C) 1988-2016 Free Software Foundation, Inc.
# License GPLv3+: GNU GPL version 3 or later <http://gnu.org/licenses/gpl.html>
# This is free software: you are free to change and redistribute it.
# There is NO WARRANTY, to the extent permitted by law.

# Make data base, printed on Sun May 22 21:42:37 2022

# Variables

# 'override' directive
GNUMAKEFLAGS := 
# automatic
<D = $(patsubst %/,%,$(dir $<))
# automatic
?F = $(notdir $?)
# makefile (from 'Makefile', line 11)
VALGRIND_FLAGS = -v --leak-check=full --show-leak-kinds=all  --error-exitcode=99
# environment
DESKTOP_SESSION = ubuntu
# default
.SHELLFLAGS := -c
# environment
XDG_SESSION_CLASS = user
# environment
SNAP_COMMON = /var/snap/code/common
# environment
XDG_SESSION_TYPE = x11
# environment
VSCODE_LOG_NATIVE = false
# automatic
?D = $(patsubst %/,%,$(dir $?))
# environment
IM_CONFIG_PHASE = 1
# automatic
@D = $(patsubst %/,%,$(dir $@))
# environment
XAUTHORITY = /run/user/1000/gdm/Xauthority
# environment
GDMSESSION = ubuntu
# environment
XMODIFIERS = @im=ibus
# makefile
CURDIR := /home/matanel/Documents/GitHub/orgchart-b
# makefile
SHELL = /bin/sh
# environment
SNAP_DATA = /var/snap/code/97
# environment
VSCODE_NLS_CONFIG = {"locale":"en-gb","availableLanguages":{},"_languagePackSupport":true}
# environment
JOURNAL_STREAM = 8:28545
# environment
XDG_CONFIG_DIRS = /etc/xdg/xdg-ubuntu:/etc/xdg
# environment
SNAP_INSTANCE_NAME = code
# environment
SNAP_ARCH = amd64
# makefile (from 'Makefile', line 1)
MAKEFILE_LIST :=  Makefile
# automatic
@F = $(notdir $@)
# environment
GIO_LAUNCHED_DESKTOP_FILE = /var/lib/snapd/desktop/applications/code_code.desktop
# environment
USERNAME = matanel
# makefile (from 'Makefile', line 13)
SOURCES = $(wildcard $(SOURCE_PATH)/*.cpp)
# makefile (from 'Makefile', line 9)
CXXFLAGS = -std=$(CXXVERSION) -Werror -Wsign-conversion -I$(SOURCE_PATH)
# environment
XDG_DATA_DIRS = /usr/share/ubuntu:/usr/local/share/:/usr/share/:/var/lib/snapd/desktop
# environment
DBUS_SESSION_BUS_ADDRESS = unix:path=/run/user/1000/bus
# environment
VSCODE_VERBOSE_LOGGING = true
# environment
_ = /snap/code/97/usr/share/code/code
# environment
MANAGERPID = 1128
# environment
LESSOPEN = | /usr/bin/lesspipe %s
# environment
VSCODE_CWD = /home/matanel
# environment
GSETTINGS_SCHEMA_DIR = /snap/code/97/usr/share/glib-2.0/schemas
# default
MAKE_HOST := x86_64-pc-linux-gnu
# environment
PATH = /usr/local/sbin:/usr/local/bin:/usr/sbin:/usr/bin:/sbin:/bin:/usr/games:/usr/local/games:/snap/bin
# environment
GPG_AGENT_INFO = /run/user/1000/gnupg/S.gpg-agent:0:1
# environment
SESSION_MANAGER = local/Matanel:@/tmp/.ICE-unix/1411,unix/Matanel:/tmp/.ICE-unix/1411
# environment
XDG_RUNTIME_DIR = /run/user/1000
# environment
GDK_PIXBUF_MODULE_FILE = /home/matanel/snap/code/common/.cache/gdk-pixbuf-loaders.cache
# environment
SNAP = /snap/code/97
# environment
SNAP_VERSION = c3511e6c
# environment
XDG_MENU_PREFIX = gnome-
# environment
VSCODE_LOG_STACK = false
# environment
DISABLE_WAYLAND = 1
# environment
ELECTRON_RUN_AS_NODE = 1
# environment
INVOCATION_ID = 87d44807005746bab298daf90b2493cf
# environment
GDK_PIXBUF_MODULEDIR = /snap/code/97/usr/lib/x86_64-linux-gnu/gdk-pixbuf-2.0/2.10.0/loaders
# default
.FEATURES := target-specific order-only second-expansion else-if shortest-stem undefine oneshell archives jobserver output-sync check-symlink load
# environment
LS_COLORS = 
# environment
XDG_SESSION_DESKTOP = ubuntu
# environment
SSH_AUTH_SOCK = /run/user/1000/keyring/ssh
# environment
GIO_LAUNCHED_DESKTOP_FILE_PID = 1899
# automatic
%F = $(notdir $%)
# environment
DISPLAY = :0
# environment
VSCODE_PIPE_LOGGING = true
# environment
SNAP_INSTANCE_KEY = 
# makefile (from 'Makefile', line 6)
CXXVERSION = c++2a
# environment
PWD = /home/matanel/Documents/GitHub/orgchart-b
# default
.LOADED := 
# environment
SSH_AGENT_PID = 1348
# environment
ORIGINAL_XDG_CURRENT_DESKTOP = ubuntu:GNOME
# environment
GTK_MODULES = gail:atk-bridge
# environment
VSCODE_AMD_ENTRYPOINT = vs/workbench/api/node/extensionHostProcess
# environment
HOME = /home/matanel
# environment
LESSCLOSE = /usr/bin/lesspipe %s %s
# environment
VSCODE_CLI = 1
# environment
VSCODE_CODE_CACHE_PATH = /home/matanel/.config/Code/CachedData/c3511e6c69bb39013c4a4b7b9566ec1ca73fc4d5
# environment
LOGNAME = matanel
# environment
APPLICATION_INSIGHTS_NO_DIAGNOSTIC_CHANNEL = 1
# environment
SNAP_LIBRARY_PATH = /var/lib/snapd/lib/gl:/var/lib/snapd/lib/gl32:/var/lib/snapd/void
# environment
SNAP_CONTEXT = TF9zqRjTMfN_TKLLey2KOFBciMG7tf_OEbbL12--F_5_WrXNdI20
# makefile (from 'Makefile', line 14)
HEADERS = $(wildcard $(SOURCE_PATH)/*.hpp)
# environment
ELECTRON_NO_ATTACH_CONSOLE = 1
# environment
SNAP_USER_COMMON = /home/matanel/snap/code/common
# environment
VSCODE_HANDLES_UNCAUGHT_ERRORS = true
# environment
GNOME_DESKTOP_SESSION_ID = this-is-deprecated
# automatic
^D = $(patsubst %/,%,$(dir $^))
# makefile (from 'Makefile', line 8)
OBJECT_PATH = objects
# environment
MAKELEVEL := 0
# environment
SNAP_REAL_HOME = /home/matanel
# default
MAKE = $(MAKE_COMMAND)
# default
MAKECMDGOALS := all
# environment
QT_IM_MODULE = ibus
# environment
SNAP_USER_DATA = /home/matanel/snap/code/97
# environment
SHLVL = 0
# environment
GNOME_SHELL_SESSION_MODE = ubuntu
# environment
VSCODE_IPC_HOOK_EXTHOST = /run/user/1000/vscode-ipc-8a1decf3-0677-4333-b247-003f6fa41d81.sock
# default
MAKE_VERSION := 4.2.1
# environment
USER = matanel
# environment
SNAP_REVISION = 97
# makefile
.DEFAULT_GOAL := run
# environment
XDG_CURRENT_DESKTOP = Unity
# automatic
%D = $(patsubst %/,%,$(dir $%))
# default
MAKE_COMMAND := make
# default
.VARIABLES := 
# automatic
*F = $(notdir $*)
# environment
LANGUAGE = en_IL:en
# environment
VSCODE_IPC_HOOK = /run/user/1000/vscode-239e23a1-1.67.2-main.sock
# environment
BAMF_DESKTOP_FILE_HINT = /var/lib/snapd/desktop/applications/code_code.desktop
# makefile
MAKEFLAGS = pqrR
# environment
MFLAGS = -pqrR
# automatic
*D = $(patsubst %/,%,$(dir $*))
# automatic
+D = $(patsubst %/,%,$(dir $+))
# environment
GDK_BACKEND = x11
# automatic
+F = $(notdir $+)
# environment
QT_ACCESSIBILITY = 1
# default
MAKEFILES := 
# environment
SNAP_COOKIE = TF9zqRjTMfN_TKLLey2KOFBciMG7tf_OEbbL12--F_5_WrXNdI20
# automatic
<F = $(notdir $<)
# makefile (from 'Makefile', line 5)
CXX = clang++-9
# environment
SNAP_NAME = code
# environment
LC_ALL = C
# makefile (from 'Makefile', line 7)
SOURCE_PATH = sources
# environment
GJS_DEBUG_TOPICS = JS ERROR;JS LOG
# automatic
^F = $(notdir $^)
# default
SUFFIXES := 
# environment
SNAP_REEXEC = 
# environment
CHROME_DESKTOP = code-url-handler.desktop
# environment
WINDOWPATH = 2
# default
.INCLUDE_DIRS = /usr/include /usr/local/include /usr/include
# environment
GJS_DEBUG_OUTPUT = stderr
# default
.RECIPEPREFIX := 
# makefile (from 'Makefile', line 15)
OBJECTS = $(subst sources/,objects/,$(subst .cpp,.o,$(SOURCES)))
# environment
LANG = C
# environment
VSCODE_PID = 2117
# makefile (from 'Makefile', line 10)
TIDY_FLAGS = -extra-arg=-std=$(CXXVERSION) -checks=bugprone-*,clang-analyzer-*,cppcoreguidelines-*,performance-*,portability-*,readability-*,-cppcoreguidelines-pro-bounds-pointer-arithmetic,-cppcoreguidelines-owning-memory --warnings-as-errors=*
# variable set hash-table stats:
# Load=131/1024=13%, Rehash=0, Collisions=18/165=11%

# Pattern-specific Variable Values

# No pattern-specific variable values.

# Directories

# . (device 2053, inode 1573806): 15 files, no impossibilities.
# sources (device 2053, inode 1580266): 6 files, no impossibilities.

# 21 files, no impossibilities in 2 directories.

# Implicit Rules

%.o: %.cpp sources/Node.hpp sources/OrgChart.hpp
#  recipe to execute (from 'Makefile', line 23):
	$(CXX) $(CXXFLAGS) --compile $< -o $@

objects/%.o: sources/%.cpp sources/Node.hpp sources/OrgChart.hpp
#  recipe to execute (from 'Makefile', line 26):
	$(CXX) $(CXXFLAGS) --compile $< -o $@

# 2 implicit rules, 0 (0.0%) terminal.

# Files

# Not a target:
all:
#  Command line target.
#  Implicit rule search has been done.
#  File does not exist.
#  File has not been updated.

# Not a target:
TestRunner.o:
#  Implicit rule search has not been done.
#  Modification time never checked.
#  File has not been updated.

# Not a target:
StudentTest2.o:
#  Implicit rule search has not been done.
#  Modification time never checked.
#  File has not been updated.

StudentTest3.cpp:
#  Implicit rule search has not been done.
#  Modification time never checked.
#  File has not been updated.
#  recipe to execute (from 'Makefile', line 38):
	curl https://raw.githubusercontent.com/dvirGev/CPP--Ex5-par1/main/Test.cpp > $@

 
# Not a target:
Makefile:
#  Implicit rule search has been done.
#  Last modified 2022-05-22 21:41:56.530774078
#  File has been updated.
#  Successfully updated.

test: TestRunner.o StudentTest1.o StudentTest2.o StudentTest3.o objects/OrgChart.o
#  Implicit rule search has not been done.
#  Modification time never checked.
#  File has not been updated.
#  recipe to execute (from 'Makefile', line 20):
	$(CXX) $(CXXFLAGS) $^ -o $@

StudentTest1.cpp:
#  Implicit rule search has not been done.
#  Modification time never checked.
#  File has not been updated.
#  recipe to execute (from 'Makefile', line 30):
	curl https://raw.githubusercontent.com/renanarimon/cpp_5b_test/master/Test.cpp > $@

# Not a target:
objects/OrgChart.o:
#  Implicit rule search has not been done.
#  Modification time never checked.
#  File has not been updated.

# Not a target:
.DEFAULT:
#  Implicit rule search has not been done.
#  Modification time never checked.
#  File has not been updated.

# Not a target:
StudentTest3.o:
#  Implicit rule search has not been done.
#  Modification time never checked.
#  File has not been updated.

run: test
#  Implicit rule search has not been done.
#  Modification time never checked.
#  File has not been updated.

clean:
#  Implicit rule search has not been done.
#  Modification time never checked.
#  File has not been updated.
#  recipe to execute (from 'Makefile', line 47):
	rm -f $(OBJECTS) *.o test* 
	rm -f StudentTest*.cpp

StudentTest2.cpp:
#  Implicit rule search has not been done.
#  Modification time never checked.
#  File has not been updated.
#  recipe to execute (from 'Makefile', line 34):
	curl https://raw.githubusercontent.com/ShauliTaragin/Orgchart-A/main/Test.cpp > $@

tidy:
#  Implicit rule search has not been done.
#  Modification time never checked.
#  File has not been updated.
#  recipe to execute (from 'Makefile', line 41):
	clang-tidy $(SOURCES) $(TIDY_FLAGS) --

valgrind: test
#  Implicit rule search has not been done.
#  Modification time never checked.
#  File has not been updated.
#  recipe to execute (from 'Makefile', line 44):
	valgrind --tool=memcheck $(VALGRIND_FLAGS) ./test 2>&1 | { egrep "lost| at " || true; }

# Not a target:
StudentTest1.o:
#  Implicit rule search has not been done.
#  Modification time never checked.
#  File has not been updated.

# files hash-table stats:
# Load=17/1024=2%, Rehash=0, Collisions=0/35=0%
# VPATH Search Paths

# No 'vpath' search paths.

# No general ('VPATH' variable) search path.

# strcache buffers: 1 (0) / strings = 42 / storage = 447 B / avg = 10 B
# current buf: size = 8162 B / used = 447 B / count = 42 / avg = 10 B

# strcache performance: lookups = 62 / hit rate = 32%
# hash-table stats:
# Load=42/8192=1%, Rehash=0, Collisions=2/62=3%
# Finished Make data base on Sun May 22 21:42:37 2022

 
